<?xml version="1.0" encoding="UTF-8"?>
<testng-results skipped="0" failed="0" ignored="0" total="1" passed="1">
  <reporter-output>
  </reporter-output>
  <suite name="Suite" duration-ms="7105" started-at="2023-04-16T12:35:09 IST" finished-at="2023-04-16T12:35:16 IST">
    <groups>
      <group name="cucumber">
        <method signature="AbstractTestNGCucumberTests.runScenario(io.cucumber.testng.PickleWrapper,io.cucumber.testng.FeatureWrapper)[pri:0, instance:tests.Runner@4d50efb8]" name="runScenario" class="io.cucumber.testng.AbstractTestNGCucumberTests"/>
      </group> <!-- cucumber -->
    </groups>
    <test name="Test" duration-ms="7105" started-at="2023-04-16T12:35:09 IST" finished-at="2023-04-16T12:35:16 IST">
      <class name="tests.Runner">
        <test-method status="PASS" signature="setUpClass(org.testng.ITestContext)[pri:0, instance:tests.Runner@4d50efb8]" name="setUpClass" is-config="true" duration-ms="537" started-at="2023-04-16T12:35:09 IST" finished-at="2023-04-16T12:35:10 IST">
          <params>
            <param index="0">
              <value>
                <![CDATA[org.testng.TestRunner@3ae0b770]]>
              </value>
            </param>
          </params>
          <reporter-output>
          </reporter-output>
        </test-method> <!-- setUpClass -->
        <test-method status="PASS" signature="runScenario(io.cucumber.testng.PickleWrapper,io.cucumber.testng.FeatureWrapper)[pri:0, instance:tests.Runner@4d50efb8]" name="runScenario" duration-ms="6491" started-at="2023-04-16T12:35:10 IST" description="Runs Cucumber Scenarios" data-provider="scenarios" finished-at="2023-04-16T12:35:16 IST">
          <params>
            <param index="0">
              <value>
                <![CDATA["title test"]]>
              </value>
            </param>
            <param index="1">
              <value>
                <![CDATA["facebook"]]>
              </value>
            </param>
          </params>
          <reporter-output>
          </reporter-output>
        </test-method> <!-- runScenario -->
        <test-method status="PASS" signature="tearDownClass()[pri:0, instance:tests.Runner@4d50efb8]" name="tearDownClass" is-config="true" duration-ms="46" started-at="2023-04-16T12:35:16 IST" finished-at="2023-04-16T12:35:16 IST">
          <reporter-output>
          </reporter-output>
        </test-method> <!-- tearDownClass -->
      </class> <!-- tests.Runner -->
    </test> <!-- Test -->
  </suite> <!-- Suite -->
</testng-results>
