<?xml version="1.0" encoding="UTF-8"?>
<!-- Generated by org.testng.reporters.JUnitXMLReporter -->
<testsuite hostname="KALAMSIR-PC" ignored="0" name="Default test" tests="1" failures="1" timestamp="2022-12-18T11:20:40 IST" time="0.633" errors="0">
  <testcase name="runScenario" time="0.11" classname="io.cucumber.testng.AbstractTestNGCucumberTests">
    <failure type="io.cucumber.java.PendingException" message="TODO: implement me">
      <![CDATA[io.cucumber.java.PendingException: TODO: implement me
at gluecode.StepDefs3.method6(StepDefs3.java:45)
at ✽.I want to write a step with precondition(file:///E:/batch262/org.magnitia.cucumberpracticepico/src/test/resources/features/dummy.feature:3)
]]>
    </failure>
  </testcase> <!-- runScenario -->
</testsuite> <!-- Default test -->
