<?xml version="1.0" encoding="UTF-8"?>
<testng-results skipped="0" failed="0" ignored="0" total="4" passed="4">
  <reporter-output>
  </reporter-output>
  <suite name="Suite" duration-ms="39098" started-at="2023-03-26T12:05:38 IST" finished-at="2023-03-26T12:06:17 IST">
    <groups>
    </groups>
    <test name="Test3" duration-ms="20293" started-at="2023-03-26T12:05:38 IST" finished-at="2023-03-26T12:05:58 IST">
      <class name="mypack.Test2">
        <test-method status="PASS" signature="method(java.lang.String,java.lang.String)[pri:0, instance:mypack.Test2@2db7a79b]" name="method" duration-ms="20249" started-at="2023-03-26T12:05:38 IST" finished-at="2023-03-26T12:05:58 IST">
          <params>
            <param index="0">
              <value>
                <![CDATA[http://192.168.0.101:5558/wd/hub]]>
              </value>
            </param>
            <param index="1">
              <value>
                <![CDATA[operablink]]>
              </value>
            </param>
          </params>
          <reporter-output>
          </reporter-output>
        </test-method> <!-- method -->
      </class> <!-- mypack.Test2 -->
    </test> <!-- Test3 -->
    <test name="Test1" duration-ms="24066" started-at="2023-03-26T12:05:38 IST" finished-at="2023-03-26T12:06:02 IST">
      <class name="mypack.Test2">
        <test-method status="PASS" signature="method(java.lang.String,java.lang.String)[pri:0, instance:mypack.Test2@6f195bc3]" name="method" duration-ms="24030" started-at="2023-03-26T12:05:38 IST" finished-at="2023-03-26T12:06:02 IST">
          <params>
            <param index="0">
              <value>
                <![CDATA[http://192.168.0.101:5556/wd/hub]]>
              </value>
            </param>
            <param index="1">
              <value>
                <![CDATA[chrome]]>
              </value>
            </param>
          </params>
          <reporter-output>
          </reporter-output>
        </test-method> <!-- method -->
      </class> <!-- mypack.Test2 -->
    </test> <!-- Test1 -->
    <test name="Test4" duration-ms="27583" started-at="2023-03-26T12:05:38 IST" finished-at="2023-03-26T12:06:06 IST">
      <class name="mypack.Test2">
        <test-method status="PASS" signature="method(java.lang.String,java.lang.String)[pri:0, instance:mypack.Test2@7cbd213e]" name="method" duration-ms="27555" started-at="2023-03-26T12:05:38 IST" finished-at="2023-03-26T12:06:06 IST">
          <params>
            <param index="0">
              <value>
                <![CDATA[http://192.168.0.101:5559/wd/hub]]>
              </value>
            </param>
            <param index="1">
              <value>
                <![CDATA[MicrosoftEdge]]>
              </value>
            </param>
          </params>
          <reporter-output>
          </reporter-output>
        </test-method> <!-- method -->
      </class> <!-- mypack.Test2 -->
    </test> <!-- Test4 -->
    <test name="Test2" duration-ms="39088" started-at="2023-03-26T12:05:38 IST" finished-at="2023-03-26T12:06:17 IST">
      <class name="mypack.Test2">
        <test-method status="PASS" signature="method(java.lang.String,java.lang.String)[pri:0, instance:mypack.Test2@4a87761d]" name="method" duration-ms="39058" started-at="2023-03-26T12:05:38 IST" finished-at="2023-03-26T12:06:17 IST">
          <params>
            <param index="0">
              <value>
                <![CDATA[http://192.168.0.101:5557/wd/hub]]>
              </value>
            </param>
            <param index="1">
              <value>
                <![CDATA[firefox]]>
              </value>
            </param>
          </params>
          <reporter-output>
          </reporter-output>
        </test-method> <!-- method -->
      </class> <!-- mypack.Test2 -->
    </test> <!-- Test2 -->
  </suite> <!-- Suite -->
</testng-results>
