<?xml version="1.0" encoding="UTF-8"?>
<testng-results skipped="0" failed="0" ignored="0" total="1" passed="1">
  <reporter-output>
  </reporter-output>
  <suite name="Surefire suite" duration-ms="18134" started-at="2021-02-07T08:13:20 IST" finished-at="2021-02-07T08:13:38 IST">
    <groups>
    </groups>
    <test name="Surefire test" duration-ms="18134" started-at="2021-02-07T08:13:20 IST" finished-at="2021-02-07T08:13:38 IST">
      <class name="mypack.Test2">
        <test-method status="PASS" signature="method()[pri:0, instance:mypack.Test2@711f39f9]" name="method" duration-ms="18100" started-at="2021-02-07T08:13:20 IST" finished-at="2021-02-07T08:13:38 IST">
          <reporter-output>
          </reporter-output>
        </test-method> <!-- method -->
      </class> <!-- mypack.Test2 -->
    </test> <!-- Surefire test -->
  </suite> <!-- Surefire suite -->
</testng-results>
